<?xml version="1.0" encoding="utf-8"?><testsuites name="pytest tests"><testsuite name="pytest" errors="0" failures="0" skipped="0" tests="11" time="4.964" timestamp="2026-04-14T20:20:38.897898+00:00" hostname="agent-env-c818c332-bea4-45dc-8d9f-67dd0abe36d9"><testcase classname="backend.tests.test_email_notifications.TestRegisterWelcomeEmail" name="test_register_new_user_returns_200" time="0.400" /><testcase classname="backend.tests.test_email_notifications.TestRegisterWelcomeEmail" name="test_register_duplicate_email_returns_400" time="0.554" /><testcase classname="backend.tests.test_email_notifications.TestForgotPasswordEmail" name="test_forgot_password_with_origin_url" time="0.193" /><testcase classname="backend.tests.test_email_notifications.TestForgotPasswordEmail" name="test_forgot_password_without_origin_url" time="0.502" /><testcase classname="backend.tests.test_email_notifications.TestForgotPasswordEmail" name="test_forgot_password_non_existent_email" time="0.492" /><testcase classname="backend.tests.test_email_notifications.TestForgotPasswordEmail" name="test_forgot_password_reset_link_contains_origin" time="0.121" /><testcase classname="backend.tests.test_email_notifications.TestAdminTestEmail" name="test_admin_test_email_success" time="1.242" /><testcase classname="backend.tests.test_email_notifications.TestAdminTestEmail" name="test_non_admin_test_email_returns_403" time="0.416" /><testcase classname="backend.tests.test_email_notifications.TestAdminTestEmail" name="test_unauthenticated_test_email_returns_401" time="0.164" /><testcase classname="backend.tests.test_email_notifications.TestEmailServiceResilience" name="test_registration_still_works_even_if_email_service_issues" time="0.331" /><testcase classname="backend.tests.test_email_notifications.TestEmailServiceResilience" name="test_forgot_password_returns_quickly" time="0.477" /></testsuite></testsuites>