<?xml version="1.0" encoding="utf-8"?><testsuites name="pytest tests"><testsuite name="pytest" errors="0" failures="1" skipped="0" tests="13" time="12.969" timestamp="2026-04-14T20:28:29.643142+00:00" hostname="agent-env-c818c332-bea4-45dc-8d9f-67dd0abe36d9"><testcase classname="backend.tests.test_user_management.TestGetAdminUsers" name="test_admin_can_get_users" time="0.774" /><testcase classname="backend.tests.test_user_management.TestGetAdminUsers" name="test_users_have_required_fields" time="0.470"><failure message="AssertionError: assert 'banned' in {'_id': '69de964120ce0889668b2d92', 'created_at': '2026-04-14T19:32:17.233809+00:00', 'email': 'admin@gimudigital.com', 'institution': 'RS Cipto Mangunkusumo', ...}">backend/tests/test_user_management.py:48: in test_users_have_required_fields
    assert "banned" in u
E   AssertionError: assert 'banned' in {'_id': '69de964120ce0889668b2d92', 'created_at': '2026-04-14T19:32:17.233809+00:00', 'email': 'admin@gimudigital.com', 'institution': 'RS Cipto Mangunkusumo', ...}</failure></testcase><testcase classname="backend.tests.test_user_management.TestGetAdminUsers" name="test_non_admin_gets_403" time="0.471" /><testcase classname="backend.tests.test_user_management.TestGetAdminUsers" name="test_unauthenticated_gets_401_or_403" time="0.107" /><testcase classname="backend.tests.test_user_management.TestRoleChange" name="test_change_user_to_admin_and_back" time="1.138" /><testcase classname="backend.tests.test_user_management.TestRoleChange" name="test_self_role_change_rejected" time="1.426" /><testcase classname="backend.tests.test_user_management.TestRoleChange" name="test_invalid_role_rejected" time="0.898" /><testcase classname="backend.tests.test_user_management.TestRoleChange" name="test_non_admin_role_change_gets_403" time="0.890" /><testcase classname="backend.tests.test_user_management.TestBanUser" name="test_ban_and_unban_user" time="1.172" /><testcase classname="backend.tests.test_user_management.TestBanUser" name="test_self_ban_rejected" time="0.934" /><testcase classname="backend.tests.test_user_management.TestBanUser" name="test_banned_user_cannot_login" time="1.627" /><testcase classname="backend.tests.test_user_management.TestBanUser" name="test_ban_admin_rejected" time="2.053" /><testcase classname="backend.tests.test_user_management.TestBanUser" name="test_non_admin_ban_gets_403" time="0.910" /></testsuite></testsuites>