<?xml version="1.0" encoding="utf-8"?><testsuites name="pytest tests"><testsuite name="pytest" errors="0" failures="0" skipped="0" tests="14" time="1.858" timestamp="2026-04-14T20:01:49.380672+00:00" hostname="agent-env-c818c332-bea4-45dc-8d9f-67dd0abe36d9"><testcase classname="backend.tests.test_admin.TestAdminStats" name="test_admin_stats_success" time="0.521" /><testcase classname="backend.tests.test_admin.TestAdminStats" name="test_admin_stats_forbidden_for_user" time="0.440" /><testcase classname="backend.tests.test_admin.TestAdminStats" name="test_admin_stats_unauthenticated" time="0.112" /><testcase classname="backend.tests.test_admin.TestAdminProducts" name="test_create_product" time="0.056" /><testcase classname="backend.tests.test_admin.TestAdminProducts" name="test_create_product_forbidden_for_user" time="0.096" /><testcase classname="backend.tests.test_admin.TestAdminProducts" name="test_update_product" time="0.052" /><testcase classname="backend.tests.test_admin.TestAdminProducts" name="test_update_product_verify_persistence" time="0.058" /><testcase classname="backend.tests.test_admin.TestAdminProducts" name="test_update_product_forbidden_for_user" time="0.051" /><testcase classname="backend.tests.test_admin.TestAdminProducts" name="test_update_nonexistent_product" time="0.053" /><testcase classname="backend.tests.test_admin.TestAdminProducts" name="test_delete_product" time="0.112" /><testcase classname="backend.tests.test_admin.TestAdminProducts" name="test_delete_product_forbidden_for_user" time="0.050" /><testcase classname="backend.tests.test_admin.TestAdminProducts" name="test_delete_nonexistent_product" time="0.065" /><testcase classname="backend.tests.test_admin.TestAdminUsers" name="test_get_users_admin" time="0.055" /><testcase classname="backend.tests.test_admin.TestAdminUsers" name="test_get_users_forbidden_for_user" time="0.054" /></testsuite></testsuites>