<?xml version="1.0" encoding="utf-8"?><testsuites name="pytest tests"><testsuite name="pytest" errors="0" failures="1" skipped="0" tests="13" time="2.202" timestamp="2026-04-14T19:40:49.527170+00:00" hostname="agent-env-c818c332-bea4-45dc-8d9f-67dd0abe36d9"><testcase classname="backend.tests.test_gimu_api.TestProducts" name="test_get_all_products" time="0.257" /><testcase classname="backend.tests.test_gimu_api.TestProducts" name="test_filter_by_category_ebook" time="0.052" /><testcase classname="backend.tests.test_gimu_api.TestProducts" name="test_get_single_product" time="0.063" /><testcase classname="backend.tests.test_gimu_api.TestProducts" name="test_product_not_found" time="0.058" /><testcase classname="backend.tests.test_gimu_api.TestAuth" name="test_admin_login" time="0.282" /><testcase classname="backend.tests.test_gimu_api.TestAuth" name="test_login_wrong_password" time="0.354" /><testcase classname="backend.tests.test_gimu_api.TestAuth" name="test_register_new_user" time="0.281"><failure message="AssertionError: assert 'test_be87f868@example.com' == 'TEST_be87f868@example.com'&#10;  &#10;  - TEST_be87f868@example.com&#10;  ? ^^^^&#10;  + test_be87f868@example.com&#10;  ? ^^^^">backend/tests/test_gimu_api.py:81: in test_register_new_user
    assert data["email"] == unique_email
E   AssertionError: assert 'test_be87f868@example.com' == 'TEST_be87f868@example.com'
E     
E     - TEST_be87f868@example.com
E     ? ^^^^
E     + test_be87f868@example.com
E     ? ^^^^</failure></testcase><testcase classname="backend.tests.test_gimu_api.TestAuth" name="test_get_me_authenticated" time="0.359" /><testcase classname="backend.tests.test_gimu_api.TestAuth" name="test_get_me_unauthenticated" time="0.121" /><testcase classname="backend.tests.test_gimu_api.TestCart" name="test_get_cart_empty" time="0.056" /><testcase classname="backend.tests.test_gimu_api.TestCart" name="test_add_to_cart" time="0.056" /><testcase classname="backend.tests.test_gimu_api.TestCart" name="test_get_cart_with_items" time="0.055" /><testcase classname="backend.tests.test_gimu_api.TestCart" name="test_delete_from_cart" time="0.113" /></testsuite></testsuites>