<?xml version="1.0" encoding="utf-8"?><testsuites name="pytest tests"><testsuite name="pytest" errors="0" failures="0" skipped="0" tests="14" time="4.278" timestamp="2026-04-14T19:51:43.848735+00:00" hostname="agent-env-c818c332-bea4-45dc-8d9f-67dd0abe36d9"><testcase classname="backend.tests.test_profile_password.TestProfileGet" name="test_get_profile_authenticated" time="0.410" /><testcase classname="backend.tests.test_profile_password.TestProfileGet" name="test_get_profile_unauthenticated" time="0.113" /><testcase classname="backend.tests.test_profile_password.TestProfileUpdate" name="test_update_profile_fields" time="0.047" /><testcase classname="backend.tests.test_profile_password.TestProfileUpdate" name="test_update_profile_persisted" time="0.048" /><testcase classname="backend.tests.test_profile_password.TestProfileUpdate" name="test_update_profile_empty_body" time="0.055" /><testcase classname="backend.tests.test_profile_password.TestChangePassword" name="test_change_password_wrong_current" time="0.619" /><testcase classname="backend.tests.test_profile_password.TestChangePassword" name="test_change_password_too_short" time="0.271" /><testcase classname="backend.tests.test_profile_password.TestChangePassword" name="test_change_password_success" time="1.052" /><testcase classname="backend.tests.test_profile_password.TestForgotPassword" name="test_forgot_password_registered_email" time="0.113" /><testcase classname="backend.tests.test_profile_password.TestForgotPassword" name="test_forgot_password_unregistered_email" time="0.115" /><testcase classname="backend.tests.test_profile_password.TestResetPassword" name="test_reset_password_valid_token" time="0.444" /><testcase classname="backend.tests.test_profile_password.TestResetPassword" name="test_reset_password_invalid_token" time="0.141" /><testcase classname="backend.tests.test_profile_password.TestResetPassword" name="test_reset_password_used_token" time="0.571" /><testcase classname="backend.tests.test_profile_password.TestResetPassword" name="test_reset_password_too_short" time="0.215" /></testsuite></testsuites>